<?xml version="1.0" encoding="UTF-8"?>
<!-- Generated by org.testng.reporters.JUnitXMLReporter -->
<testsuite hostname="MLPT003" ignored="0" name="Test" tests="3" failures="0" timestamp="2020-02-14T15:22:02 IST" time="201.256" errors="0">
  <testcase name="totalValidation" time="98.512" classname="practise.AppiumFramework.EcommerceTest4"/>
  <testcase name="apiDemo" time="50.602" classname="practise.AppiumFramework.ApiDemoTest"/>
  <testcase name="apiDemo" time="47.902" classname="practise.AppiumFramework.ApiDemoTest"/>
</testsuite> <!-- Test -->
