<?xml version="1.0" encoding="UTF-8"?>
<testng-results skipped="0" failed="0" ignored="0" total="3" passed="3">
  <reporter-output>
  </reporter-output>
  <suite name="Suite" duration-ms="201256" started-at="2020-02-14T15:18:41 IST" finished-at="2020-02-14T15:22:02 IST">
    <groups>
    </groups>
    <test name="Test" duration-ms="201256" started-at="2020-02-14T15:18:41 IST" finished-at="2020-02-14T15:22:02 IST">
      <class name="practise.AppiumFramework.EcommerceTest4">
        <test-method status="PASS" signature="killAllNodes()[pri:0, instance:practise.AppiumFramework.EcommerceTest4@71bbf57e]" name="killAllNodes" is-config="true" duration-ms="4101" started-at="2020-02-14T15:18:41 IST" finished-at="2020-02-14T15:18:45 IST">
          <reporter-output>
          </reporter-output>
        </test-method> <!-- killAllNodes -->
        <test-method status="PASS" signature="totalValidation()[pri:0, instance:practise.AppiumFramework.EcommerceTest4@71bbf57e]" name="totalValidation" duration-ms="98512" started-at="2020-02-14T15:18:45 IST" finished-at="2020-02-14T15:20:23 IST">
          <reporter-output>
          </reporter-output>
        </test-method> <!-- totalValidation -->
      </class> <!-- practise.AppiumFramework.EcommerceTest4 -->
      <class name="practise.AppiumFramework.ApiDemoTest">
        <test-method status="PASS" signature="apiDemo(java.lang.String)[pri:0, instance:practise.AppiumFramework.ApiDemoTest@7f13d6e]" name="apiDemo" duration-ms="50602" started-at="2020-02-14T15:20:23 IST" data-provider="InputData" finished-at="2020-02-14T15:21:14 IST">
          <params>
            <param index="0">
              <value>
                <![CDATA[hello]]>
              </value>
            </param>
          </params>
          <reporter-output>
          </reporter-output>
        </test-method> <!-- apiDemo -->
        <test-method status="PASS" signature="apiDemo(java.lang.String)[pri:0, instance:practise.AppiumFramework.ApiDemoTest@7f13d6e]" name="apiDemo" duration-ms="47902" started-at="2020-02-14T15:21:14 IST" data-provider="InputData" finished-at="2020-02-14T15:22:02 IST">
          <params>
            <param index="0">
              <value>
                <![CDATA[@hadhh2397327]]>
              </value>
            </param>
          </params>
          <reporter-output>
          </reporter-output>
        </test-method> <!-- apiDemo -->
      </class> <!-- practise.AppiumFramework.ApiDemoTest -->
    </test> <!-- Test -->
  </suite> <!-- Suite -->
</testng-results>
