<?xml version="1.0" encoding="UTF-8"?>
<testng-results skipped="0" failed="0" ignored="0" total="3" passed="3">
  <reporter-output>
  </reporter-output>
  <suite name="Suite" duration-ms="177921" started-at="2020-02-12T11:23:01 IST" finished-at="2020-02-12T11:25:59 IST">
    <groups>
    </groups>
    <test name="Test" duration-ms="177921" started-at="2020-02-12T11:23:01 IST" finished-at="2020-02-12T11:25:59 IST">
      <class name="practise.AppiumFramework.EcommerceTest4">
        <test-method status="PASS" signature="killAllNodes()[pri:0, instance:practise.AppiumFramework.EcommerceTest4@60285225]" name="killAllNodes" is-config="true" duration-ms="4188" started-at="2020-02-12T11:23:01 IST" finished-at="2020-02-12T11:23:06 IST">
          <reporter-output>
          </reporter-output>
        </test-method> <!-- killAllNodes -->
        <test-method status="PASS" signature="totalValidation()[pri:0, instance:practise.AppiumFramework.EcommerceTest4@60285225]" name="totalValidation" duration-ms="91295" started-at="2020-02-12T11:23:06 IST" finished-at="2020-02-12T11:24:37 IST">
          <reporter-output>
          </reporter-output>
        </test-method> <!-- totalValidation -->
      </class> <!-- practise.AppiumFramework.EcommerceTest4 -->
      <class name="practise.AppiumFramework.ApiDemoTest">
        <test-method status="PASS" signature="apiDemo(java.lang.String)[pri:0, instance:practise.AppiumFramework.ApiDemoTest@7113b13f]" name="apiDemo" duration-ms="39349" started-at="2020-02-12T11:24:37 IST" data-provider="InputData" finished-at="2020-02-12T11:25:16 IST">
          <params>
            <param index="0">
              <value>
                <![CDATA[hello]]>
              </value>
            </param>
          </params>
          <reporter-output>
          </reporter-output>
        </test-method> <!-- apiDemo -->
        <test-method status="PASS" signature="apiDemo(java.lang.String)[pri:0, instance:practise.AppiumFramework.ApiDemoTest@7113b13f]" name="apiDemo" duration-ms="42910" started-at="2020-02-12T11:25:16 IST" data-provider="InputData" finished-at="2020-02-12T11:25:59 IST">
          <params>
            <param index="0">
              <value>
                <![CDATA[@hadhh2397327]]>
              </value>
            </param>
          </params>
          <reporter-output>
          </reporter-output>
        </test-method> <!-- apiDemo -->
      </class> <!-- practise.AppiumFramework.ApiDemoTest -->
    </test> <!-- Test -->
  </suite> <!-- Suite -->
</testng-results>
